2024-07-24T14:51:28.385+09:00  INFO 21020 --- [SpaceCreation] [restartedMain] c.a.s.SpaceCreationApplication           : Starting SpaceCreationApplication using Java 17.0.10 with PID 21020 (C:\Users\jingj\OneDrive\문서\GitHub\SpaceCreation\SpaceCreation\build\classes\java\main started by jingj in C:\Users\jingj\OneDrive\문서\GitHub\SpaceCreation)
2024-07-24T14:51:28.388+09:00  INFO 21020 --- [SpaceCreation] [restartedMain] c.a.s.SpaceCreationApplication           : The following 1 profile is active: "private"
2024-07-24T14:51:28.611+09:00  INFO 21020 --- [SpaceCreation] [restartedMain] .e.DevToolsPropertyDefaultsPostProcessor : Devtools property defaults active! Set 'spring.devtools.add-properties' to 'false' to disable
2024-07-24T14:51:28.611+09:00  INFO 21020 --- [SpaceCreation] [restartedMain] .e.DevToolsPropertyDefaultsPostProcessor : For additional web related logging consider setting the 'logging.level.web' property to 'DEBUG'
2024-07-24T14:51:29.599+09:00  INFO 21020 --- [SpaceCreation] [restartedMain] .s.d.r.c.RepositoryConfigurationDelegate : Multiple Spring Data modules found, entering strict repository configuration mode
2024-07-24T14:51:29.600+09:00  INFO 21020 --- [SpaceCreation] [restartedMain] .s.d.r.c.RepositoryConfigurationDelegate : Bootstrapping Spring Data JDBC repositories in DEFAULT mode.
2024-07-24T14:51:29.628+09:00  INFO 21020 --- [SpaceCreation] [restartedMain] .RepositoryConfigurationExtensionSupport : Spring Data JDBC - Could not safely identify store assignment for repository candidate interface com.aws.spacecreation.answer.AnswerRepository; If you want this repository to be a JDBC repository, consider annotating your entities with one of these annotations: org.springframework.data.relational.core.mapping.Table.
2024-07-24T14:51:29.630+09:00  INFO 21020 --- [SpaceCreation] [restartedMain] .RepositoryConfigurationExtensionSupport : Spring Data JDBC - Could not safely identify store assignment for repository candidate interface com.aws.spacecreation.comment.CommentRepository; If you want this repository to be a JDBC repository, consider annotating your entities with one of these annotations: org.springframework.data.relational.core.mapping.Table.
2024-07-24T14:51:29.631+09:00  INFO 21020 --- [SpaceCreation] [restartedMain] .RepositoryConfigurationExtensionSupport : Spring Data JDBC - Could not safely identify store assignment for repository candidate interface com.aws.spacecreation.interiorboardreply.InteriorBoardReplyRepository; If you want this repository to be a JDBC repository, consider annotating your entities with one of these annotations: org.springframework.data.relational.core.mapping.Table.
2024-07-24T14:51:29.632+09:00  INFO 21020 --- [SpaceCreation] [restartedMain] .RepositoryConfigurationExtensionSupport : Spring Data JDBC - Could not safely identify store assignment for repository candidate interface com.aws.spacecreation.interiorboard.InteriorBoardRepository; If you want this repository to be a JDBC repository, consider annotating your entities with one of these annotations: org.springframework.data.relational.core.mapping.Table.
2024-07-24T14:51:29.633+09:00  INFO 21020 --- [SpaceCreation] [restartedMain] .RepositoryConfigurationExtensionSupport : Spring Data JDBC - Could not safely identify store assignment for repository candidate interface com.aws.spacecreation.like.LikeRepository; If you want this repository to be a JDBC repository, consider annotating your entities with one of these annotations: org.springframework.data.relational.core.mapping.Table.
2024-07-24T14:51:29.634+09:00  INFO 21020 --- [SpaceCreation] [restartedMain] .RepositoryConfigurationExtensionSupport : Spring Data JDBC - Could not safely identify store assignment for repository candidate interface com.aws.spacecreation.question.QuestionRepository; If you want this repository to be a JDBC repository, consider annotating your entities with one of these annotations: org.springframework.data.relational.core.mapping.Table.
2024-07-24T14:51:29.635+09:00  INFO 21020 --- [SpaceCreation] [restartedMain] .RepositoryConfigurationExtensionSupport : Spring Data JDBC - Could not safely identify store assignment for repository candidate interface com.aws.spacecreation.user.UserRepository; If you want this repository to be a JDBC repository, consider annotating your entities with one of these annotations: org.springframework.data.relational.core.mapping.Table.
2024-07-24T14:51:29.636+09:00  INFO 21020 --- [SpaceCreation] [restartedMain] .s.d.r.c.RepositoryConfigurationDelegate : Finished Spring Data repository scanning in 32 ms. Found 0 JDBC repository interfaces.
2024-07-24T14:51:29.644+09:00  INFO 21020 --- [SpaceCreation] [restartedMain] .s.d.r.c.RepositoryConfigurationDelegate : Multiple Spring Data modules found, entering strict repository configuration mode
2024-07-24T14:51:29.645+09:00  INFO 21020 --- [SpaceCreation] [restartedMain] .s.d.r.c.RepositoryConfigurationDelegate : Bootstrapping Spring Data JPA repositories in DEFAULT mode.
2024-07-24T14:51:29.677+09:00  INFO 21020 --- [SpaceCreation] [restartedMain] .s.d.r.c.RepositoryConfigurationDelegate : Finished Spring Data repository scanning in 28 ms. Found 7 JPA repository interfaces.
2024-07-24T14:51:30.210+09:00  INFO 21020 --- [SpaceCreation] [restartedMain] o.s.b.w.embedded.tomcat.TomcatWebServer  : Tomcat initialized with port 8080 (http)
2024-07-24T14:51:30.220+09:00  INFO 21020 --- [SpaceCreation] [restartedMain] o.apache.catalina.core.StandardService   : Starting service [Tomcat]
2024-07-24T14:51:30.220+09:00  INFO 21020 --- [SpaceCreation] [restartedMain] o.apache.catalina.core.StandardEngine    : Starting Servlet engine: [Apache Tomcat/10.1.25]
2024-07-24T14:51:30.269+09:00  INFO 21020 --- [SpaceCreation] [restartedMain] o.a.c.c.C.[Tomcat].[localhost].[/]       : Initializing Spring embedded WebApplicationContext
2024-07-24T14:51:30.269+09:00  INFO 21020 --- [SpaceCreation] [restartedMain] w.s.c.ServletWebServerApplicationContext : Root WebApplicationContext: initialization completed in 1658 ms
2024-07-24T14:51:30.394+09:00  INFO 21020 --- [SpaceCreation] [restartedMain] o.hibernate.jpa.internal.util.LogHelper  : HHH000204: Processing PersistenceUnitInfo [name: default]
2024-07-24T14:51:30.467+09:00  INFO 21020 --- [SpaceCreation] [restartedMain] org.hibernate.Version                    : HHH000412: Hibernate ORM core version 6.5.2.Final
2024-07-24T14:51:30.499+09:00  INFO 21020 --- [SpaceCreation] [restartedMain] o.h.c.internal.RegionFactoryInitiator    : HHH000026: Second-level cache disabled
2024-07-24T14:51:30.768+09:00  INFO 21020 --- [SpaceCreation] [restartedMain] o.s.o.j.p.SpringPersistenceUnitInfo      : No LoadTimeWeaver setup: ignoring JPA class transformer
2024-07-24T14:51:30.796+09:00  INFO 21020 --- [SpaceCreation] [restartedMain] com.zaxxer.hikari.HikariDataSource       : HikariPool-1 - Starting...
2024-07-24T14:51:31.231+09:00  INFO 21020 --- [SpaceCreation] [restartedMain] com.zaxxer.hikari.pool.HikariPool        : HikariPool-1 - Added connection com.mysql.cj.jdbc.ConnectionImpl@57a93404
2024-07-24T14:51:31.232+09:00  INFO 21020 --- [SpaceCreation] [restartedMain] com.zaxxer.hikari.HikariDataSource       : HikariPool-1 - Start completed.
2024-07-24T14:51:32.224+09:00  INFO 21020 --- [SpaceCreation] [restartedMain] o.h.e.t.j.p.i.JtaPlatformInitiator       : HHH000489: No JTA platform available (set 'hibernate.transaction.jta.platform' to enable JTA platform integration)
2024-07-24T14:51:33.649+09:00  INFO 21020 --- [SpaceCreation] [restartedMain] j.LocalContainerEntityManagerFactoryBean : Initialized JPA EntityManagerFactory for persistence unit 'default'
2024-07-24T14:51:34.336+09:00  INFO 21020 --- [SpaceCreation] [restartedMain] o.s.d.j.r.query.QueryEnhancerFactory     : Hibernate is in classpath; If applicable, HQL parser will be used.
2024-07-24T14:51:34.720+09:00  WARN 21020 --- [SpaceCreation] [restartedMain] JpaBaseConfiguration$JpaWebConfiguration : spring.jpa.open-in-view is enabled by default. Therefore, database queries may be performed during view rendering. Explicitly configure spring.jpa.open-in-view to disable this warning
2024-07-24T14:51:34.737+09:00  INFO 21020 --- [SpaceCreation] [restartedMain] r$InitializeUserDetailsManagerConfigurer : Global AuthenticationManager configured with UserDetailsService bean with name userSecuritySerivce
2024-07-24T14:51:34.967+09:00 DEBUG 21020 --- [SpaceCreation] [restartedMain] o.s.s.web.DefaultSecurityFilterChain     : Will secure any request with filters: DisableEncodeUrlFilter, WebAsyncManagerIntegrationFilter, SecurityContextHolderFilter, HeaderWriterFilter, CorsFilter, CsrfFilter, LogoutFilter, OAuth2AuthorizationRequestRedirectFilter, OAuth2LoginAuthenticationFilter, UsernamePasswordAuthenticationFilter, RequestCacheAwareFilter, SecurityContextHolderAwareRequestFilter, AnonymousAuthenticationFilter, ExceptionTranslationFilter, AuthorizationFilter
2024-07-24T14:51:35.606+09:00  INFO 21020 --- [SpaceCreation] [restartedMain] o.s.b.d.a.OptionalLiveReloadServer       : LiveReload server is running on port 35729
2024-07-24T14:51:35.643+09:00  INFO 21020 --- [SpaceCreation] [restartedMain] o.s.b.w.embedded.tomcat.TomcatWebServer  : Tomcat started on port 8080 (http) with context path '/'
2024-07-24T14:51:35.653+09:00  INFO 21020 --- [SpaceCreation] [restartedMain] c.a.s.SpaceCreationApplication           : Started SpaceCreationApplication in 7.638 seconds (process running for 8.23)
